5/5/2021 12:32:44 PM	This log contains information about the import schema operation into project 'JobPortal.Database' on computer 'DESKTOP-5MV0CGE' by user 'ST'.
5/5/2021 12:32:44 PM	Import of database schema has started.
5/5/2021 12:32:49 PM	Gathering database credentials
5/5/2021 12:32:49 PM	Gathering database options
5/5/2021 12:32:49 PM	Gathering generic database scoped configuration option
5/5/2021 12:32:49 PM	Gathering users
5/5/2021 12:32:49 PM	Gathering roles
5/5/2021 12:32:49 PM	Gathering application roles
5/5/2021 12:32:49 PM	Gathering role memberships
5/5/2021 12:32:49 PM	Gathering filegroups
5/5/2021 12:32:49 PM	Gathering full-text catalogs
5/5/2021 12:32:49 PM	Gathering assemblies
5/5/2021 12:32:49 PM	Gathering certificates
5/5/2021 12:32:49 PM	Gathering asymmetric keys
5/5/2021 12:32:49 PM	Gathering symmetric keys
5/5/2021 12:32:49 PM	Gathering encrypted symmetric keys
5/5/2021 12:32:49 PM	Gathering schemas
5/5/2021 12:32:49 PM	Gathering XML schema collections
5/5/2021 12:32:49 PM	Gathering user-defined data types
5/5/2021 12:32:49 PM	Gathering user-defined types
5/5/2021 12:32:49 PM	Gathering table types
5/5/2021 12:32:49 PM	Gathering unique keys for table types
5/5/2021 12:32:49 PM	Gathering primary keys for table types
5/5/2021 12:32:49 PM	Gathering indexes for table types
5/5/2021 12:32:49 PM	Gathering check constraints for table types
5/5/2021 12:32:49 PM	Gathering default constraints for table types
5/5/2021 12:32:49 PM	Gathering partition functions
5/5/2021 12:32:49 PM	Gathering partition schemes
5/5/2021 12:32:49 PM	Gathering functions
5/5/2021 12:32:49 PM	Gathering encrypted functions
5/5/2021 12:32:49 PM	Gathering aggregates
5/5/2021 12:32:49 PM	Gathering procedures
5/5/2021 12:32:49 PM	Gathering encrypted procedures
5/5/2021 12:32:49 PM	Gathering tables
5/5/2021 12:32:49 PM	Gathering primary keys
5/5/2021 12:32:49 PM	Gathering unique constraints
5/5/2021 12:32:49 PM	Gathering foreign keys
5/5/2021 12:32:49 PM	Gathering default constraints
5/5/2021 12:32:49 PM	Gathering check constraints
5/5/2021 12:32:50 PM	Gathering views
5/5/2021 12:32:50 PM	Gathering encrypted views
5/5/2021 12:32:50 PM	Gathering indexes
5/5/2021 12:32:50 PM	Gathering statistics
5/5/2021 12:32:50 PM	Gathering full-text index stoplists
5/5/2021 12:32:50 PM	Gathering search property lists
5/5/2021 12:32:50 PM	Gathering search properties
5/5/2021 12:32:50 PM	Gathering full-text indexes
5/5/2021 12:32:50 PM	Gathering column store indexes
5/5/2021 12:32:50 PM	Gathering spatial indexes
5/5/2021 12:32:50 PM	Gathering XML indexes
5/5/2021 12:32:50 PM	Gathering Selective XML indexes
5/5/2021 12:32:50 PM	Gathering encrypted triggers
5/5/2021 12:32:50 PM	Gathering triggers
5/5/2021 12:32:50 PM	Gathering encrypted and clr ddl triggers
5/5/2021 12:32:50 PM	Gathering ddl triggers
5/5/2021 12:32:50 PM	Creating edge constraints
5/5/2021 12:32:50 PM	Gathering synonyms
5/5/2021 12:32:50 PM	Gathering defaults
5/5/2021 12:32:50 PM	Gathering data constraint uddt bindings
5/5/2021 12:32:50 PM	Gathering rules
5/5/2021 12:32:50 PM	Gathering data constraint uddt bindings
5/5/2021 12:32:50 PM	Gathering message types
5/5/2021 12:32:50 PM	Gathering queues
5/5/2021 12:32:50 PM	Gathering contracts
5/5/2021 12:32:50 PM	Gathering services
5/5/2021 12:32:50 PM	Gathering event notifications
5/5/2021 12:32:50 PM	Gathering remote service bindings
5/5/2021 12:32:50 PM	Gathering broker priorities
5/5/2021 12:32:50 PM	Gathering signatures
5/5/2021 12:32:50 PM	Gathering data compression options
5/5/2021 12:32:50 PM	Gathering sequence types
5/5/2021 12:32:50 PM	Gathering security policies
5/5/2021 12:32:50 PM	Gather column encryption keys
5/5/2021 12:32:50 PM	Gathering column master keys
5/5/2021 12:32:50 PM	Gathering external data sources
5/5/2021 12:32:50 PM	Gathering external file formats
5/5/2021 12:32:50 PM	Gathering external tables
5/5/2021 12:32:50 PM	Gathering extended properties
5/5/2021 12:32:52 PM	Gathering credentials
5/5/2021 12:32:52 PM	Gathering logins
5/5/2021 12:32:52 PM	Gathering server audits
5/5/2021 12:32:52 PM	Scanning project for duplicate elements
5/5/2021 12:32:52 PM	Finished duplicate element processing
5/5/2021 12:32:52 PM	Finished importing database.
5/5/2021 12:32:52 PM	A summary of the import was saved to the following location: E:\Semester6\EAD\EAD_GroupProject\JobPortal.Database\Import Schema Logs\JobPortal.Database_20210505073244.log
5/5/2021 12:32:52 PM	Click Finish to continue...
